d:\01-戴栎泽\其它\vs\displayaffinitymanager\affinityunhide\x64\release\affinityunhide.pch
d:\01-戴栎泽\其它\vs\displayaffinitymanager\affinityunhide\x64\release\vc143.pdb
d:\01-戴栎泽\其它\vs\displayaffinitymanager\affinityunhide\x64\release\pch.obj
d:\01-戴栎泽\其它\vs\displayaffinitymanager\affinityunhide\x64\release\dllmain.obj
d:\01-戴栎泽\其它\vs\displayaffinitymanager\x64\release\affinityunhide.dll
d:\01-戴栎泽\其它\vs\displayaffinitymanager\x64\release\affinityunhide.pdb
d:\01-戴栎泽\其它\vs\displayaffinitymanager\affinityunhide\x64\release\affinityunhide.res
d:\01-戴栎泽\其它\vs\displayaffinitymanager\affinityunhide\x64\release\affinityunhide.ipdb
d:\01-戴栎泽\其它\vs\displayaffinitymanager\affinityunhide\x64\release\affinityunhide.iobj
d:\01-戴栎泽\其它\vs\displayaffinitymanager\affinityunhide\x64\release\affinityunhide.tlog\cl.command.1.tlog
d:\01-戴栎泽\其它\vs\displayaffinitymanager\affinityunhide\x64\release\affinityunhide.tlog\cl.items.tlog
d:\01-戴栎泽\其它\vs\displayaffinitymanager\affinityunhide\x64\release\affinityunhide.tlog\cl.read.1.tlog
d:\01-戴栎泽\其它\vs\displayaffinitymanager\affinityunhide\x64\release\affinityunhide.tlog\cl.write.1.tlog
d:\01-戴栎泽\其它\vs\displayaffinitymanager\affinityunhide\x64\release\affinityunhide.tlog\link.command.1.tlog
d:\01-戴栎泽\其它\vs\displayaffinitymanager\affinityunhide\x64\release\affinityunhide.tlog\link.read.1.tlog
d:\01-戴栎泽\其它\vs\displayaffinitymanager\affinityunhide\x64\release\affinityunhide.tlog\link.secondary.1.tlog
d:\01-戴栎泽\其它\vs\displayaffinitymanager\affinityunhide\x64\release\affinityunhide.tlog\link.write.1.tlog
d:\01-戴栎泽\其它\vs\displayaffinitymanager\affinityunhide\x64\release\affinityunhide.tlog\rc.command.1.tlog
d:\01-戴栎泽\其它\vs\displayaffinitymanager\affinityunhide\x64\release\affinityunhide.tlog\rc.read.1.tlog
d:\01-戴栎泽\其它\vs\displayaffinitymanager\affinityunhide\x64\release\affinityunhide.tlog\rc.write.1.tlog
